2019-10-08 15:01:00.196 [main] ERROR c.z.u.DateUtils [getDate:461]  - getDate error
java.text.ParseException: Unparseable date: "2019-09-25"
	at java.text.DateFormat.parse(DateFormat.java:366)
	at com.zhuanche.util.DateUtils.getDate(DateUtils.java:459)
	at com.zhuanche.web.service.impl.supplierFeeManage.Test.main(Test.java:25)
2019-10-08 15:01:00.249 [main] ERROR c.z.u.DateUtils [?:?]  - getDate error
java.text.ParseException: Unparseable date: "2019-08-25"
	at java.text.DateFormat.parse(DateFormat.java:366)
	at com.zhuanche.util.DateUtils.getDate(DateUtils.java:459)
	at com.zhuanche.web.service.impl.supplierFeeManage.Test.main(Test.java:26)
2019-10-08 15:02:44.325 [main] ERROR c.z.u.DateUtils [getDate:461]  - getDate error
java.text.ParseException: Unparseable date: "2019-09-25"
	at java.text.DateFormat.parse(DateFormat.java:366)
	at com.zhuanche.util.DateUtils.getDate(DateUtils.java:459)
	at com.zhuanche.web.service.impl.supplierFeeManage.Test.main(Test.java:26)
2019-10-08 15:02:44.362 [main] ERROR c.z.u.DateUtils [?:?]  - getDate error
java.text.ParseException: Unparseable date: "2019-08-25"
	at java.text.DateFormat.parse(DateFormat.java:366)
	at com.zhuanche.util.DateUtils.getDate(DateUtils.java:459)
	at com.zhuanche.web.service.impl.supplierFeeManage.Test.main(Test.java:27)
2019-10-08 15:04:33.089 [main] ERROR c.z.u.DateUtils [getDate:461]  - getDate error
java.text.ParseException: Unparseable date: "2019-09-25"
	at java.text.DateFormat.parse(DateFormat.java:366)
	at com.zhuanche.util.DateUtils.getDate(DateUtils.java:459)
	at com.zhuanche.web.service.impl.supplierFeeManage.Test.main(Test.java:26)
2019-10-08 15:04:41.105 [main] ERROR c.z.u.DateUtils [?:?]  - getDate error
java.text.ParseException: Unparseable date: "2019-08-25"
	at java.text.DateFormat.parse(DateFormat.java:366)
	at com.zhuanche.util.DateUtils.getDate(DateUtils.java:459)
	at com.zhuanche.web.service.impl.supplierFeeManage.Test.main(Test.java:27)
